NonChina_Jcenter/demo/app/build/outputs/logs/manifest-merger-debug-report.txt
-- Merging decision tree log ---
manifest
ADDED from src/main/AndroidManifest.xml:2:1-149:12
INJECTED from src/main/AndroidManifest.xml:2:1-149:12
INJECTED from src/main/AndroidManifest.xml:2:1-149:12
INJECTED from src/main/AndroidManifest.xml:2:1-149:12
MERGED from [com.anythink.sdk:core:5.6.6_beta2] AndroidManifest.xml:2:1-34:12
MERGED from [com.anythink.sdk:tramini-plugin:5.6.6_beta2] AndroidManifest.xml:2:1-20:12
MERGED from [com.anythink.sdk:nativead:5.6.6_beta2] AndroidManifest.xml:2:1-14:12
MERGED from [com.anythink.sdk:banner:5.6.6_beta2] AndroidManifest.xml:2:1-11:12
MERGED from [com.anythink.sdk:interstitial:5.6.6_beta2] AndroidManifest.xml:2:1-11:12
MERGED from [com.anythink.sdk:rewardedvideo:5.6.6_beta2] AndroidManifest.xml:2:1-11:12
MERGED from [com.anythink.sdk:splash:5.6.6_beta2] AndroidManifest.xml:2:1-11:12
MERGED from [com.anythink.sdk:headbidding:5.6.6_beta2] AndroidManifest.xml:2:1-13:12
MERGED from [com.google.android.ads.consent:consent-library:1.0.8] AndroidManifest.xml:2:1-9:12
MERGED from [androidx.appcompat:appcompat:1.1.0] AndroidManifest.xml:17:1-24:12
MERGED from [com.anythink.sdk:adapter-facebook:5.6.6_beta2] AndroidManifest.xml:2:1-16:12
MERGED from [com.facebook.android:audience-network-sdk:5.11.0] AndroidManifest.xml:2:1-27:12
MERGED from [com.mopub:mopub-sdk:5.8.0] AndroidManifest.xml:2:1-13:12
MERGED from [com.mopub:mopub-sdk-native-video:5.8.0] AndroidManifest.xml:2:1-13:12
MERGED from [com.mopub:mopub-sdk-native-static:5.8.0] AndroidManifest.xml:2:1-13:12
MERGED from [androidx.recyclerview:recyclerview:1.0.0] AndroidManifest.xml:17:1-22:12
MERGED from [:BiddingKit:] AndroidManifest.xml:2:1-11:12
MERGED from [com.anythink.sdk:adapter-admob:5.6.6_beta2] AndroidManifest.xml:2:1-16:12
MERGED from [com.google.android.gms:play-services-ads:19.3.0] AndroidManifest.xml:17:1-25:12
MERGED from [com.anythink.sdk:adapter-inmobi:5.6.6_beta2] AndroidManifest.xml:2:1-16:12
MERGED from [com.inmobi.monetization:inmobi-ads:9.0.7] AndroidManifest.xml:2:1-25:12
MERGED from [com.squareup.picasso:picasso:2.71828] AndroidManifest.xml:2:1-14:12
MERGED from [androidx.browser:browser:1.0.0] AndroidManifest.xml:17:1-22:12
MERGED from [com.applovin:applovin-sdk:9.13.1] AndroidManifest.xml:2:1-54:12
MERGED from [net.nend.android:nend-sdk:5.4.0] AndroidManifest.xml:2:1-42:12
MERGED from [com.google.android.gms:play-services-gass:19.3.0] AndroidManifest.xml:2:1-9:12
MERGED from [com.google.android.gms:play-services-ads-identifier:17.0.0] AndroidManifest.xml:17:1-24:12
MERGED from [com.anythink.sdk:adapter-applovin:5.6.6_beta2] AndroidManifest.xml:2:1-16:12
MERGED from [com.anythink.sdk:adapter-mintegral-nonchina:5.6.6_beta2] AndroidManifest.xml:2:1-16:12
MERGED from [com.mintegral.msdk:videojs:14.3.01] AndroidManifest.xml:2:1-11:12
MERGED from [com.mintegral.msdk:mtgjscommon:14.3.01] AndroidManifest.xml:2:1-14:12
MERGED from [com.mintegral.msdk:playercommon:14.3.01] AndroidManifest.xml:2:1-15:12
MERGED from [com.mintegral.msdk:reward:14.3.01] AndroidManifest.xml:2:1-15:12
MERGED from [com.mintegral.msdk:videocommon:14.3.01] AndroidManifest.xml:2:1-15:12
MERGED from [com.mintegral.msdk:common:14.3.01] AndroidManifest.xml:2:1-15:12
MERGED from [com.mintegral.msdk:alphab:14.3.01] AndroidManifest.xml:2:1-14:12
MERGED from [com.mintegral.msdk:interstitialvideo:14.3.01] AndroidManifest.xml:2:1-11:12
MERGED from [com.mintegral.msdk:mtgnative:14.3.01] AndroidManifest.xml:2:1-15:12
MERGED from [com.mintegral.msdk:nativeex:14.3.01] AndroidManifest.xml:2:1-15:12
MERGED from [com.mintegral.msdk:interstitial:14.3.01] AndroidManifest.xml:2:1-15:12
MERGED from [com.mintegral.msdk:mtgnativeadvanced:14.3.01] AndroidManifest.xml:2:1-11:12
MERGED from [com.mintegral.msdk:mtgbanner:14.3.01] AndroidManifest.xml:2:1-11:12
MERGED from [com.mintegral.msdk:interactiveads:14.3.01] AndroidManifest.xml:2:1-14:12
MERGED from [com.mintegral.msdk:mtgsplash:14.3.01] AndroidManifest.xml:2:1-11:12
MERGED from [com.mintegral.msdk:mtgbid:14.3.01] AndroidManifest.xml:2:1-11:12
MERGED from [com.anythink.sdk:adapter-mopub:5.6.6_beta2] AndroidManifest.xml:2:1-16:12
MERGED from [com.mopub:mopub-sdk-banner:5.8.0] AndroidManifest.xml:2:1-13:12
MERGED from [com.mopub:mopub-sdk-rewardedvideo:5.8.0] AndroidManifest.xml:2:1-13:12
MERGED from [com.mopub:mopub-sdk-interstitial:5.8.0] AndroidManifest.xml:2:1-13:12
MERGED from [com.anythink.sdk:adapter-chartboost:5.6.6_beta2] AndroidManifest.xml:2:1-16:12
MERGED from [com.chartboost:chartboost-sdk:8.1.0] AndroidManifest.xml:2:1-20:12
MERGED from [com.google.android.gms:play-services-base:17.0.0] AndroidManifest.xml:17:1-29:12
MERGED from [com.anythink.sdk:adapter-tapjoy:5.6.6_beta2] AndroidManifest.xml:2:1-16:12
MERGED from [com.tapjoy:tapjoy-android-sdk:12.6.1] AndroidManifest.xml:2:1-37:12
MERGED from [com.anythink.sdk:adapter-ironsource:5.6.6_beta2] AndroidManifest.xml:2:1-16:12
MERGED from [com.ironsource.sdk:mediationsdk:6.17.0] AndroidManifest.xml:2:1-34:12
MERGED from [com.anythink.sdk:adapter-unityads:5.6.6_beta2] AndroidManifest.xml:2:1-16:12
MERGED from [com.unity3d.ads:unity-ads:3.4.6] AndroidManifest.xml:2:1-37:12
MERGED from [com.anythink.sdk:adapter-vungle:5.6.6_beta2] AndroidManifest.xml:2:1-16:12
MERGED from [com.vungle:publisher-sdk-android:6.7.0] AndroidManifest.xml:2:1-50:12
MERGED from [com.google.android.gms:play-services-ads-lite:19.3.0] AndroidManifest.xml:17:1-42:12
MERGED from [com.google.android.gms:play-services-tasks:17.0.0] AndroidManifest.xml:2:1-9:12
MERGED from [com.google.android.gms:play-services-measurement-sdk-api:17.1.0] AndroidManifest.xml:17:1-27:12
MERGED from [com.google.android.gms:play-services-measurement-base:17.1.0] AndroidManifest.xml:2:1-9:12
MERGED from [com.google.android.gms:play-services-basement:17.0.0] AndroidManifest.xml:17:1-28:12
MERGED from [com.mopub:mopub-sdk-base:5.8.0] AndroidManifest.xml:2:1-13:12
MERGED from [androidx.legacy:legacy-support-v4:1.0.0] AndroidManifest.xml:17:1-22:12
MERGED from [androidx.fragment:fragment:1.1.0] AndroidManifest.xml:17:1-24:12
MERGED from [androidx.appcompat:appcompat-resources:1.1.0] AndroidManifest.xml:17:1-24:12
MERGED from [androidx.legacy:legacy-support-core-ui:1.0.0] AndroidManifest.xml:17:1-22:12
MERGED from [androidx.drawerlayout:drawerlayout:1.0.0] AndroidManifest.xml:17:1-22:12
MERGED from [androidx.legacy:legacy-support-core-utils:1.0.0] AndroidManifest.xml:17:1-22:12
MERGED from [androidx.viewpager:viewpager:1.0.0] AndroidManifest.xml:17:1-22:12
MERGED from [androidx.loader:loader:1.0.0] AndroidManifest.xml:17:1-22:12
MERGED from [androidx.activity:activity:1.0.0] AndroidManifest.xml:17:1-24:12
MERGED from [androidx.vectordrawable:vectordrawable-animated:1.1.0] AndroidManifest.xml:17:1-24:12
MERGED from [androidx.vectordrawable:vectordrawable:1.1.0] AndroidManifest.xml:17:1-24:12
MERGED from [androidx.coordinatorlayout:coordinatorlayout:1.0.0] AndroidManifest.xml:17:1-22:12
MERGED from [androidx.slidingpanelayout:slidingpanelayout:1.0.0] AndroidManifest.xml:17:1-22:12
MERGED from [androidx.customview:customview:1.0.0] AndroidManifest.xml:17:1-22:12
MERGED from [androidx.swiperefreshlayout:swiperefreshlayout:1.0.0] AndroidManifest.xml:17:1-22:12
MERGED from [androidx.asynclayoutinflater:asynclayoutinflater:1.0.0] AndroidManifest.xml:17:1-22:12
MERGED from [com.google.android.exoplayer:exoplayer:2.9.5] AndroidManifest.xml:17:1-24:12
MERGED from [com.google.android.exoplayer:exoplayer-ui:2.9.5] AndroidManifest.xml:17:1-24:12
MERGED from [androidx.media:media:1.0.0] AndroidManifest.xml:17:1-22:12
MERGED from [androidx.core:core:1.1.0] AndroidManifest.xml:17:1-26:12
MERGED from [androidx.localbroadcastmanager:localbroadcastmanager:1.0.0] AndroidManifest.xml:17:1-22:12
MERGED from [com.anythink.sdk:adapter-adcolony:5.6.6_beta2] AndroidManifest.xml:2:1-16:12
MERGED from [com.adcolony:sdk:4.2.1] AndroidManifest.xml:2:1-27:12
MERGED from [com.anythink.sdk:adapter-pangle-nonchina:5.6.6_beta2] AndroidManifest.xml:2:1-16:12
MERGED from [:open_ad_sdk_nonchina_3.0.0.1:] AndroidManifest.xml:2:1-67:12
MERGED from [com.anythink.sdk:adapter-appnext:5.6.6_beta2] AndroidManifest.xml:2:1-16:12
MERGED from [com.appnext.sdk:ads:2.4.8.472] AndroidManifest.xml:2:1-30:12
MERGED from [com.appnext.sdk:banners:2.4.8.472] AndroidManifest.xml:2:1-19:12
MERGED from [com.appnext.sdk:native-ads2:2.4.8.472] AndroidManifest.xml:2:1-13:12
MERGED from [com.appnext.sdk:actions:2.4.6.472] AndroidManifest.xml:2:1-28:12
MERGED from [com.anythink.sdk:adapter-nend:5.6.6_beta2] AndroidManifest.xml:2:1-16:12
MERGED from [androidx.constraintlayout:constraintlayout:1.1.3] AndroidManifest.xml:2:1-11:12
MERGED from [com.anythink.sdk:adapter-maio:5.6.6_beta2] AndroidManifest.xml:2:1-16:12
MERGED from [com.maio:android-sdk:1.1.11] AndroidManifest.xml:2:1-28:12
MERGED from [com.anythink.sdk:adapter-startapp:5.6.6_beta2] AndroidManifest.xml:2:1-16:12
MERGED from [com.startapp:inapp-sdk:4.6.0] AndroidManifest.xml:2:1-51:12
MERGED from [com.anythink.sdk:adapter-ogury:5.6.6_beta2] AndroidManifest.xml:2:1-16:12
MERGED from [co.ogury:ogury-sdk:4.7.5] AndroidManifest.xml:2:1-158:12
MERGED from [com.anythink.sdk:adapter-fyber:5.6.6_beta2] AndroidManifest.xml:2:1-16:12
MERGED from [com.fyber.vamp:core-sdk:7.5.3] AndroidManifest.xml:2:1-31:12
MERGED from [com.fyber.vamp:video-kit:7.5.3] AndroidManifest.xml:2:1-20:12
MERGED from [com.fyber.vamp:mraid-kit:7.5.3] AndroidManifest.xml:2:1-20:12
MERGED from [androidx.multidex:multidex:2.0.1] AndroidManifest.xml:17:1-22:12
MERGED from [androidx.cursoradapter:cursoradapter:1.0.0] AndroidManifest.xml:17:1-22:12
MERGED from [androidx.exifinterface:exifinterface:1.0.0] AndroidManifest.xml:17:1-22:12
MERGED from [androidx.interpolator:interpolator:1.0.0] AndroidManifest.xml:17:1-22:12
MERGED from [androidx.versionedparcelable:versionedparcelable:1.1.0] AndroidManifest.xml:17:1-27:12
MERGED from [com.google.android.exoplayer:exoplayer-dash:2.9.5] AndroidManifest.xml:17:1-24:12
MERGED from [com.google.android.exoplayer:exoplayer-hls:2.9.5] AndroidManifest.xml:17:1-24:12
MERGED from [com.google.android.exoplayer:exoplayer-smoothstreaming:2.9.5] AndroidManifest.xml:17:1-24:12
MERGED from [com.google.android.exoplayer:exoplayer-core:2.9.5] AndroidManifest.xml:17:1-26:12
MERGED from [androidx.documentfile:documentfile:1.0.0] AndroidManifest.xml:17:1-22:12
MERGED from [androidx.print:print:1.0.0] AndroidManifest.xml:17:1-22:12
MERGED from [androidx.lifecycle:lifecycle-runtime:2.1.0] AndroidManifest.xml:17:1-22:12
MERGED from [androidx.lifecycle:lifecycle-viewmodel:2.1.0] AndroidManifest.xml:17:1-22:12
MERGED from [androidx.savedstate:savedstate:1.0.0] AndroidManifest.xml:17:1-24:12
MERGED from [androidx.lifecycle:lifecycle-livedata:2.0.0] AndroidManifest.xml:17:1-22:12
MERGED from [androidx.lifecycle:lifecycle-livedata-core:2.0.0] AndroidManifest.xml:17:1-22:12
MERGED from [androidx.arch.core:core-runtime:2.0.0] AndroidManifest.xml:17:1-22:12
MERGED from [com.google.android.gms:play-services-ads-base:19.3.0] AndroidManifest.xml:2:1-9:12
MERGED from [com.appnext.sdk:core:2.4.8.472] AndroidManifest.xml:2:1-40:12
MERGED from [com.moat.analytics.mobile.mpub:moat-mobile-app-kit:2.4.5] AndroidManifest.xml:2:1-11:12
INJECTED from src/main/AndroidManifest.xml:2:1-149:12
INJECTED from src/main/AndroidManifest.xml:2:1-149:12
INJECTED from src/main/AndroidManifest.xml:2:1-149:12
	package
		ADDED from src/main/AndroidManifest.xml:4:5-31
		INJECTED from src/main/AndroidManifest.xml
		INJECTED from src/main/AndroidManifest.xml
	android:versionName
		INJECTED from src/main/AndroidManifest.xml
		ADDED from src/main/AndroidManifest.xml:2:1-149:12
		INJECTED from src/main/AndroidManifest.xml
	xmlns:tools
		ADDED from src/main/AndroidManifest.xml:3:5-51
	android:versionCode
		INJECTED from src/main/AndroidManifest.xml
		ADDED from src/main/AndroidManifest.xml:2:1-149:12
		INJECTED from src/main/AndroidManifest.xml
	xmlns:android
		ADDED from src/main/AndroidManifest.xml:2:11-69
uses-permission#android.permission.INTERNET
ADDED from src/main/AndroidManifest.xml:6:5-67
MERGED from [com.anythink.sdk:core:5.6.6_beta2] AndroidManifest.xml:11:5-67
MERGED from [com.anythink.sdk:core:5.6.6_beta2] AndroidManifest.xml:11:5-67
MERGED from [com.anythink.sdk:adapter-facebook:5.6.6_beta2] AndroidManifest.xml:11:5-67
MERGED from [com.anythink.sdk:adapter-facebook:5.6.6_beta2] AndroidManifest.xml:11:5-67
MERGED from [com.facebook.android:audience-network-sdk:5.11.0] AndroidManifest.xml:11:5-67
MERGED from [com.facebook.android:audience-network-sdk:5.11.0] AndroidManifest.xml:11:5-67
MERGED from [com.anythink.sdk:adapter-admob:5.6.6_beta2] AndroidManifest.xml:11:5-67
MERGED from [com.anythink.sdk:adapter-admob:5.6.6_beta2] AndroidManifest.xml:11:5-67
MERGED from [com.anythink.sdk:adapter-inmobi:5.6.6_beta2] AndroidManifest.xml:11:5-67
MERGED from [com.anythink.sdk:adapter-inmobi:5.6.6_beta2] AndroidManifest.xml:11:5-67
MERGED from [com.inmobi.monetization:inmobi-ads:9.0.7] AndroidManifest.xml:13:5-67
MERGED from [com.inmobi.monetization:inmobi-ads:9.0.7] AndroidManifest.xml:13:5-67
MERGED from [com.applovin:applovin-sdk:9.13.1] AndroidManifest.xml:11:5-67
MERGED from [com.applovin:applovin-sdk:9.13.1] AndroidManifest.xml:11:5-67
MERGED from [net.nend.android:nend-sdk:5.4.0] AndroidManifest.xml:9:5-67
MERGED from [net.nend.android:nend-sdk:5.4.0] AndroidManifest.xml:9:5-67
MERGED from [com.anythink.sdk:adapter-applovin:5.6.6_beta2] AndroidManifest.xml:11:5-67
MERGED from [com.anythink.sdk:adapter-applovin:5.6.6_beta2] AndroidManifest.xml:11:5-67
MERGED from [com.anythink.sdk:adapter-mintegral-nonchina:5.6.6_beta2] AndroidManifest.xml:11:5-67
MERGED from [com.anythink.sdk:adapter-mintegral-nonchina:5.6.6_beta2] AndroidManifest.xml:11:5-67
MERGED from [com.anythink.sdk:adapter-mopub:5.6.6_beta2] AndroidManifest.xml:11:5-67
MERGED from [com.anythink.sdk:adapter-mopub:5.6.6_beta2] AndroidManifest.xml:11:5-67
MERGED from [com.anythink.sdk:adapter-chartboost:5.6.6_beta2] AndroidManifest.xml:11:5-67
MERGED from [com.anythink.sdk:adapter-chartboost:5.6.6_beta2] AndroidManifest.xml:11:5-67
MERGED from [com.anythink.sdk:adapter-tapjoy:5.6.6_beta2] AndroidManifest.xml:11:5-67
MERGED from [com.anythink.sdk:adapter-tapjoy:5.6.6_beta2] AndroidManifest.xml:11:5-67
MERGED from [com.tapjoy:tapjoy-android-sdk:12.6.1] AndroidManifest.xml:12:5-67
MERGED from [com.tapjoy:tapjoy-android-sdk:12.6.1] AndroidManifest.xml:12:5-67
MERGED from [com.anythink.sdk:adapter-ironsource:5.6.6_beta2] AndroidManifest.xml:11:5-67
MERGED from [com.anythink.sdk:adapter-ironsource:5.6.6_beta2] AndroidManifest.xml:11:5-67
MERGED from [com.ironsource.sdk:mediationsdk:6.17.0] AndroidManifest.xml:11:5-67
MERGED from [com.ironsource.sdk:mediationsdk:6.17.0] AndroidManifest.xml:11:5-67
MERGED from [com.anythink.sdk:adapter-unityads:5.6.6_beta2] AndroidManifest.xml:11:5-67
MERGED from [com.anythink.sdk:adapter-unityads:5.6.6_beta2] AndroidManifest.xml:11:5-67
MERGED from [com.unity3d.ads:unity-ads:3.4.6] AndroidManifest.xml:12:5-67
MERGED from [com.unity3d.ads:unity-ads:3.4.6] AndroidManifest.xml:12:5-67
MERGED from [com.anythink.sdk:adapter-vungle:5.6.6_beta2] AndroidManifest.xml:11:5-67
MERGED from [com.anythink.sdk:adapter-vungle:5.6.6_beta2] AndroidManifest.xml:11:5-67
MERGED from [com.google.android.gms:play-services-ads-lite:19.3.0] AndroidManifest.xml:23:5-67
MERGED from [com.google.android.gms:play-services-ads-lite:19.3.0] AndroidManifest.xml:23:5-67
MERGED from [com.google.android.gms:play-services-measurement-sdk-api:17.1.0] AndroidManifest.xml:23:5-67
MERGED from [com.google.android.gms:play-services-measurement-sdk-api:17.1.0] AndroidManifest.xml:23:5-67
MERGED from [com.anythink.sdk:adapter-adcolony:5.6.6_beta2] AndroidManifest.xml:11:5-67
MERGED from [com.anythink.sdk:adapter-adcolony:5.6.6_beta2] AndroidManifest.xml:11:5-67
MERGED from [com.adcolony:sdk:4.2.1] AndroidManifest.xml:13:5-67
MERGED from [com.adcolony:sdk:4.2.1] AndroidManifest.xml:13:5-67
MERGED from [com.anythink.sdk:adapter-pangle-nonchina:5.6.6_beta2] AndroidManifest.xml:11:5-67
MERGED from [com.anythink.sdk:adapter-pangle-nonchina:5.6.6_beta2] AndroidManifest.xml:11:5-67
MERGED from [com.anythink.sdk:adapter-appnext:5.6.6_beta2] AndroidManifest.xml:11:5-67
MERGED from [com.anythink.sdk:adapter-appnext:5.6.6_beta2] AndroidManifest.xml:11:5-67
MERGED from [com.appnext.sdk:ads:2.4.8.472] AndroidManifest.xml:7:5-67
MERGED from [com.appnext.sdk:ads:2.4.8.472] AndroidManifest.xml:7:5-67
MERGED from [com.anythink.sdk:adapter-nend:5.6.6_beta2] AndroidManifest.xml:11:5-67
MERGED from [com.anythink.sdk:adapter-nend:5.6.6_beta2] AndroidManifest.xml:11:5-67
MERGED from [com.anythink.sdk:adapter-maio:5.6.6_beta2] AndroidManifest.xml:11:5-67
MERGED from [com.anythink.sdk:adapter-maio:5.6.6_beta2] AndroidManifest.xml:11:5-67
MERGED from [com.maio:android-sdk:1.1.11] AndroidManifest.xml:12:5-67
MERGED from [com.maio:android-sdk:1.1.11] AndroidManifest.xml:12:5-67
MERGED from [com.anythink.sdk:adapter-startapp:5.6.6_beta2] AndroidManifest.xml:11:5-67
MERGED from [com.anythink.sdk:adapter-startapp:5.6.6_beta2] AndroidManifest.xml:11:5-67
MERGED from [com.startapp:inapp-sdk:4.6.0] AndroidManifest.xml:11:5-67
MERGED from [com.startapp:inapp-sdk:4.6.0] AndroidManifest.xml:11:5-67
MERGED from [com.anythink.sdk:adapter-ogury:5.6.6_beta2] AndroidManifest.xml:11:5-67
MERGED from [com.anythink.sdk:adapter-ogury:5.6.6_beta2] AndroidManifest.xml:11:5-67
MERGED from [co.ogury:ogury-sdk:4.7.5] AndroidManifest.xml:12:5-67
MERGED from [co.ogury:ogury-sdk:4.7.5] AndroidManifest.xml:12:5-67
MERGED from [com.anythink.sdk:adapter-fyber:5.6.6_beta2] AndroidManifest.xml:11:5-67
MERGED from [com.anythink.sdk:adapter-fyber:5.6.6_beta2] AndroidManifest.xml:11:5-67
MERGED from [com.fyber.vamp:core-sdk:7.5.3] AndroidManifest.xml:11:5-67
MERGED from [com.fyber.vamp:core-sdk:7.5.3] AndroidManifest.xml:11:5-67
MERGED from [com.appnext.sdk:core:2.4.8.472] AndroidManifest.xml:8:5-67
MERGED from [com.appnext.sdk:core:2.4.8.472] AndroidManifest.xml:8:5-67
	android:name
		ADDED from src/main/AndroidManifest.xml:6:22-64
uses-permission#android.permission.ACCESS_NETWORK_STATE
ADDED from src/main/AndroidManifest.xml:7:5-79
MERGED from [com.anythink.sdk:core:5.6.6_beta2] AndroidManifest.xml:12:5-79
MERGED from [com.anythink.sdk:core:5.6.6_beta2] AndroidManifest.xml:12:5-79
MERGED from [com.facebook.android:audience-network-sdk:5.11.0] AndroidManifest.xml:12:5-79
MERGED from [com.facebook.android:audience-network-sdk:5.11.0] AndroidManifest.xml:12:5-79
MERGED from [com.inmobi.monetization:inmobi-ads:9.0.7] AndroidManifest.xml:14:5-79
MERGED from [com.inmobi.monetization:inmobi-ads:9.0.7] AndroidManifest.xml:14:5-79
MERGED from [com.applovin:applovin-sdk:9.13.1] AndroidManifest.xml:12:5-79
MERGED from [com.applovin:applovin-sdk:9.13.1] AndroidManifest.xml:12:5-79
MERGED from [net.nend.android:nend-sdk:5.4.0] AndroidManifest.xml:10:5-79
MERGED from [net.nend.android:nend-sdk:5.4.0] AndroidManifest.xml:10:5-79
MERGED from [com.tapjoy:tapjoy-android-sdk:12.6.1] AndroidManifest.xml:13:5-79
MERGED from [com.tapjoy:tapjoy-android-sdk:12.6.1] AndroidManifest.xml:13:5-79
MERGED from [com.ironsource.sdk:mediationsdk:6.17.0] AndroidManifest.xml:12:5-79
MERGED from [com.ironsource.sdk:mediationsdk:6.17.0] AndroidManifest.xml:12:5-79
MERGED from [com.unity3d.ads:unity-ads:3.4.6] AndroidManifest.xml:11:5-79
MERGED from [com.unity3d.ads:unity-ads:3.4.6] AndroidManifest.xml:11:5-79
MERGED from [com.vungle:publisher-sdk-android:6.7.0] AndroidManifest.xml:13:5-79
MERGED from [com.vungle:publisher-sdk-android:6.7.0] AndroidManifest.xml:13:5-79
MERGED from [com.google.android.gms:play-services-ads-lite:19.3.0] AndroidManifest.xml:24:5-79
MERGED from [com.google.android.gms:play-services-ads-lite:19.3.0] AndroidManifest.xml:24:5-79
MERGED from [com.google.android.gms:play-services-measurement-sdk-api:17.1.0] AndroidManifest.xml:24:5-79
MERGED from [com.google.android.gms:play-services-measurement-sdk-api:17.1.0] AndroidManifest.xml:24:5-79
MERGED from [com.adcolony:sdk:4.2.1] AndroidManifest.xml:14:5-79
MERGED from [com.adcolony:sdk:4.2.1] AndroidManifest.xml:14:5-79
MERGED from [com.appnext.sdk:ads:2.4.8.472] AndroidManifest.xml:8:5-79
MERGED from [com.appnext.sdk:ads:2.4.8.472] AndroidManifest.xml:8:5-79
MERGED from [com.maio:android-sdk:1.1.11] AndroidManifest.xml:11:5-79
MERGED from [com.maio:android-sdk:1.1.11] AndroidManifest.xml:11:5-79
MERGED from [com.startapp:inapp-sdk:4.6.0] AndroidManifest.xml:13:5-79
MERGED from [com.startapp:inapp-sdk:4.6.0] AndroidManifest.xml:13:5-79
MERGED from [co.ogury:ogury-sdk:4.7.5] AndroidManifest.xml:13:5-79
MERGED from [co.ogury:ogury-sdk:4.7.5] AndroidManifest.xml:13:5-79
MERGED from [com.fyber.vamp:core-sdk:7.5.3] AndroidManifest.xml:12:5-79
MERGED from [com.fyber.vamp:core-sdk:7.5.3] AndroidManifest.xml:12:5-79
MERGED from [com.google.android.exoplayer:exoplayer-core:2.9.5] AndroidManifest.xml:24:5-79
MERGED from [com.google.android.exoplayer:exoplayer-core:2.9.5] AndroidManifest.xml:24:5-79
MERGED from [com.appnext.sdk:core:2.4.8.472] AndroidManifest.xml:9:5-79
MERGED from [com.appnext.sdk:core:2.4.8.472] AndroidManifest.xml:9:5-79
	android:name
		ADDED from src/main/AndroidManifest.xml:7:22-76
uses-permission#android.permission.WRITE_EXTERNAL_STORAGE
ADDED from src/main/AndroidManifest.xml:9:5-81
MERGED from [com.vungle:publisher-sdk-android:6.7.0] AndroidManifest.xml:14:5-16:38
MERGED from [com.vungle:publisher-sdk-android:6.7.0] AndroidManifest.xml:14:5-16:38
	android:maxSdkVersion
		ADDED from [com.vungle:publisher-sdk-android:6.7.0] AndroidManifest.xml:16:9-35
	android:name
		ADDED from src/main/AndroidManifest.xml:9:22-78
uses-permission#android.gms.permission.ACTIVITY_RECOGNITION
ADDED from src/main/AndroidManifest.xml:10:5-83
	android:name
		ADDED from src/main/AndroidManifest.xml:10:22-80
uses-permission#android.permission.ACCESS_WIFI_STATE
ADDED from src/main/AndroidManifest.xml:11:5-76
MERGED from [com.anythink.sdk:core:5.6.6_beta2] AndroidManifest.xml:13:5-76
MERGED from [com.anythink.sdk:core:5.6.6_beta2] AndroidManifest.xml:13:5-76
MERGED from [com.startapp:inapp-sdk:4.6.0] AndroidManifest.xml:12:5-76
MERGED from [com.startapp:inapp-sdk:4.6.0] AndroidManifest.xml:12:5-76
	android:name
		ADDED from src/main/AndroidManifest.xml:11:22-73
uses-permission#android.permission.GET_TASKS
ADDED from src/main/AndroidManifest.xml:12:5-68
	android:name
		ADDED from src/main/AndroidManifest.xml:12:22-65
uses-permission#android.permission.REAL_GET_TASKS
ADDED from src/main/AndroidManifest.xml:13:5-73
	android:name
		ADDED from src/main/AndroidManifest.xml:13:22-70
uses-permission#android.permission.PACKAGE_USAGE_STATS
ADDED from src/main/AndroidManifest.xml:14:5-78
	android:name
		ADDED from src/main/AndroidManifest.xml:14:22-75
application
ADDED from src/main/AndroidManifest.xml:16:5-147:19
MERGED from [com.anythink.sdk:core:5.6.6_beta2] AndroidManifest.xml:15:5-32:19
MERGED from [com.anythink.sdk:core:5.6.6_beta2] AndroidManifest.xml:15:5-32:19
MERGED from [com.anythink.sdk:tramini-plugin:5.6.6_beta2] AndroidManifest.xml:11:5-18:19
MERGED from [com.anythink.sdk:tramini-plugin:5.6.6_beta2] AndroidManifest.xml:11:5-18:19
MERGED from [com.anythink.sdk:nativead:5.6.6_beta2] AndroidManifest.xml:11:5-12:19
MERGED from [com.anythink.sdk:nativead:5.6.6_beta2] AndroidManifest.xml:11:5-12:19
MERGED from [com.anythink.sdk:headbidding:5.6.6_beta2] AndroidManifest.xml:11:5-20
MERGED from [com.anythink.sdk:headbidding:5.6.6_beta2] AndroidManifest.xml:11:5-20
MERGED from [com.anythink.sdk:adapter-facebook:5.6.6_beta2] AndroidManifest.xml:13:5-14:19
MERGED from [com.anythink.sdk:adapter-facebook:5.6.6_beta2] AndroidManifest.xml:13:5-14:19
MERGED from [com.facebook.android:audience-network-sdk:5.11.0] AndroidManifest.xml:14:5-25:19
MERGED from [com.facebook.android:audience-network-sdk:5.11.0] AndroidManifest.xml:14:5-25:19
MERGED from [com.mopub:mopub-sdk:5.8.0] AndroidManifest.xml:11:5-20
MERGED from [com.mopub:mopub-sdk:5.8.0] AndroidManifest.xml:11:5-20
MERGED from [com.mopub:mopub-sdk-native-video:5.8.0] AndroidManifest.xml:11:5-20
MERGED from [com.mopub:mopub-sdk-native-video:5.8.0] AndroidManifest.xml:11:5-20
MERGED from [com.mopub:mopub-sdk-native-static:5.8.0] AndroidManifest.xml:11:5-20
MERGED from [com.mopub:mopub-sdk-native-static:5.8.0] AndroidManifest.xml:11:5-20
MERGED from [com.anythink.sdk:adapter-admob:5.6.6_beta2] AndroidManifest.xml:13:5-14:19
MERGED from [com.anythink.sdk:adapter-admob:5.6.6_beta2] AndroidManifest.xml:13:5-14:19
MERGED from [com.anythink.sdk:adapter-inmobi:5.6.6_beta2] AndroidManifest.xml:13:5-14:19
MERGED from [com.anythink.sdk:adapter-inmobi:5.6.6_beta2] AndroidManifest.xml:13:5-14:19
MERGED from [com.inmobi.monetization:inmobi-ads:9.0.7] AndroidManifest.xml:16:5-23:19
MERGED from [com.inmobi.monetization:inmobi-ads:9.0.7] AndroidManifest.xml:16:5-23:19
MERGED from [com.squareup.picasso:picasso:2.71828] AndroidManifest.xml:7:5-12:19
MERGED from [com.squareup.picasso:picasso:2.71828] AndroidManifest.xml:7:5-12:19
MERGED from [com.applovin:applovin-sdk:9.13.1] AndroidManifest.xml:14:5-52:19
MERGED from [com.applovin:applovin-sdk:9.13.1] AndroidManifest.xml:14:5-52:19
MERGED from [net.nend.android:nend-sdk:5.4.0] AndroidManifest.xml:12:5-40:19
MERGED from [net.nend.android:nend-sdk:5.4.0] AndroidManifest.xml:12:5-40:19
MERGED from [com.google.android.gms:play-services-gass:19.3.0] AndroidManifest.xml:7:5-20
MERGED from [com.google.android.gms:play-services-gass:19.3.0] AndroidManifest.xml:7:5-20
MERGED from [com.google.android.gms:play-services-ads-identifier:17.0.0] AndroidManifest.xml:22:5-20
MERGED from [com.google.android.gms:play-services-ads-identifier:17.0.0] AndroidManifest.xml:22:5-20
MERGED from [com.anythink.sdk:adapter-applovin:5.6.6_beta2] AndroidManifest.xml:13:5-14:19
MERGED from [com.anythink.sdk:adapter-applovin:5.6.6_beta2] AndroidManifest.xml:13:5-14:19
MERGED from [com.anythink.sdk:adapter-mintegral-nonchina:5.6.6_beta2] AndroidManifest.xml:13:5-14:19
MERGED from [com.anythink.sdk:adapter-mintegral-nonchina:5.6.6_beta2] AndroidManifest.xml:13:5-14:19
MERGED from [com.mintegral.msdk:mtgjscommon:14.3.01] AndroidManifest.xml:11:5-12:19
MERGED from [com.mintegral.msdk:mtgjscommon:14.3.01] AndroidManifest.xml:11:5-12:19
MERGED from [com.mintegral.msdk:playercommon:14.3.01] AndroidManifest.xml:12:5-13:19
MERGED from [com.mintegral.msdk:playercommon:14.3.01] AndroidManifest.xml:12:5-13:19
MERGED from [com.mintegral.msdk:reward:14.3.01] AndroidManifest.xml:12:5-13:19
MERGED from [com.mintegral.msdk:reward:14.3.01] AndroidManifest.xml:12:5-13:19
MERGED from [com.mintegral.msdk:videocommon:14.3.01] AndroidManifest.xml:12:5-13:19
MERGED from [com.mintegral.msdk:videocommon:14.3.01] AndroidManifest.xml:12:5-13:19
MERGED from [com.mintegral.msdk:common:14.3.01] AndroidManifest.xml:12:5-13:19
MERGED from [com.mintegral.msdk:common:14.3.01] AndroidManifest.xml:12:5-13:19
MERGED from [com.mintegral.msdk:alphab:14.3.01] AndroidManifest.xml:11:5-12:19
MERGED from [com.mintegral.msdk:alphab:14.3.01] AndroidManifest.xml:11:5-12:19
MERGED from [com.mintegral.msdk:mtgnative:14.3.01] AndroidManifest.xml:12:5-13:19
MERGED from [com.mintegral.msdk:mtgnative:14.3.01] AndroidManifest.xml:12:5-13:19
MERGED from [com.mintegral.msdk:nativeex:14.3.01] AndroidManifest.xml:12:5-13:19
MERGED from [com.mintegral.msdk:nativeex:14.3.01] AndroidManifest.xml:12:5-13:19
MERGED from [com.mintegral.msdk:interstitial:14.3.01] AndroidManifest.xml:12:5-13:19
MERGED from [com.mintegral.msdk:interstitial:14.3.01] AndroidManifest.xml:12:5-13:19
MERGED from [com.mintegral.msdk:interactiveads:14.3.01] AndroidManifest.xml:11:5-12:19
MERGED from [com.mintegral.msdk:interactiveads:14.3.01] AndroidManifest.xml:11:5-12:19
MERGED from [com.anythink.sdk:adapter-mopub:5.6.6_beta2] AndroidManifest.xml:13:5-14:19
MERGED from [com.anythink.sdk:adapter-mopub:5.6.6_beta2] AndroidManifest.xml:13:5-14:19
MERGED from [com.mopub:mopub-sdk-banner:5.8.0] AndroidManifest.xml:11:5-20
MERGED from [com.mopub:mopub-sdk-banner:5.8.0] AndroidManifest.xml:11:5-20
MERGED from [com.mopub:mopub-sdk-rewardedvideo:5.8.0] AndroidManifest.xml:11:5-20
MERGED from [com.mopub:mopub-sdk-rewardedvideo:5.8.0] AndroidManifest.xml:11:5-20
MERGED from [com.mopub:mopub-sdk-interstitial:5.8.0] AndroidManifest.xml:11:5-20
MERGED from [com.mopub:mopub-sdk-interstitial:5.8.0] AndroidManifest.xml:11:5-20
MERGED from [com.anythink.sdk:adapter-chartboost:5.6.6_beta2] AndroidManifest.xml:13:5-14:19
MERGED from [com.anythink.sdk:adapter-chartboost:5.6.6_beta2] AndroidManifest.xml:13:5-14:19
MERGED from [com.chartboost:chartboost-sdk:8.1.0] AndroidManifest.xml:11:5-18:19
MERGED from [com.chartboost:chartboost-sdk:8.1.0] AndroidManifest.xml:11:5-18:19
MERGED from [com.google.android.gms:play-services-base:17.0.0] AndroidManifest.xml:22:5-27:19
MERGED from [com.google.android.gms:play-services-base:17.0.0] AndroidManifest.xml:22:5-27:19
MERGED from [com.anythink.sdk:adapter-tapjoy:5.6.6_beta2] AndroidManifest.xml:13:5-14:19
MERGED from [com.anythink.sdk:adapter-tapjoy:5.6.6_beta2] AndroidManifest.xml:13:5-14:19
MERGED from [com.tapjoy:tapjoy-android-sdk:12.6.1] AndroidManifest.xml:15:5-35:19
MERGED from [com.tapjoy:tapjoy-android-sdk:12.6.1] AndroidManifest.xml:15:5-35:19
MERGED from [com.anythink.sdk:adapter-ironsource:5.6.6_beta2] AndroidManifest.xml:13:5-14:19
MERGED from [com.anythink.sdk:adapter-ironsource:5.6.6_beta2] AndroidManifest.xml:13:5-14:19
MERGED from [com.ironsource.sdk:mediationsdk:6.17.0] AndroidManifest.xml:14:5-32:19
MERGED from [com.ironsource.sdk:mediationsdk:6.17.0] AndroidManifest.xml:14:5-32:19
MERGED from [com.anythink.sdk:adapter-unityads:5.6.6_beta2] AndroidManifest.xml:13:5-14:19
MERGED from [com.anythink.sdk:adapter-unityads:5.6.6_beta2] AndroidManifest.xml:13:5-14:19
MERGED from [com.unity3d.ads:unity-ads:3.4.6] AndroidManifest.xml:14:5-35:19